<?xml version="1.0" encoding="UTF-8"?>
<!-- Generated by org.testng.reporters.JUnitXMLReporter -->
<testsuite ignored="0" hostname="CESIT-LAP-0409" failures="0" tests="3" name="Default test" time="43.614" errors="0" timestamp="2022-12-26T13:38:42 IST">
  <testcase classname="testCase.demo1" name="getUser" time="2.321"/>
  <testcase classname="testCase.demo1" name="saucedemo1" time="25.435"/>
  <testcase classname="testCase.demo1" name="saucedemo2" time="15.515"/>
</testsuite> <!-- Default test -->
