<?xml version="1.0" encoding="UTF-8"?>
<!-- Generated by org.testng.reporters.JUnitXMLReporter -->
<testsuite ignored="2" hostname="CESIT-LAP-0420" failures="0" tests="1" name="Default test" time="35.89" errors="0" timestamp="2023-07-10T02:36:24 IST">
  <testcase classname="testCase.demo1" name="saucedemo1" time="35.657"/>
  <testcase classname="testCase.demo1" name="getUser" time="0.0">
    <ignored/>
  </testcase> <!-- getUser -->
  <testcase classname="testCase.demo1" name="saucedemo2" time="0.0">
    <ignored/>
  </testcase> <!-- saucedemo2 -->
</testsuite> <!-- Default test -->
