<?xml version="1.0" encoding="UTF-8"?>
<testng-results ignored="0" total="3" passed="3" failed="0" skipped="0">
  <reporter-output>
    <line>
      <![CDATA[200]]>
    </line>
    <line>
      <![CDATA[{
    "data": {
        "id": 2,
        "email": "janet.weaver@reqres.in",
        "first_name": "Janet",
        "last_name": "Weaver",
        "avatar": "https://reqres.in/img/faces/2-image.jpg"
    },
    "support": {
        "url": "https://reqres.in/#support-heading",
        "text": "To keep ReqRes free, contributions towards server costs are appreciated!"
    }
}]]>
    </line>
  </reporter-output>
  <suite started-at="2022-12-26T13:37:59 IST" name="Default suite" finished-at="2022-12-26T13:38:42 IST" duration-ms="43614">
    <groups>
    </groups>
    <test started-at="2022-12-26T13:37:59 IST" name="Default test" finished-at="2022-12-26T13:38:42 IST" duration-ms="43614">
      <class name="testCase.demo1">
        <test-method is-config="true" signature="initialize()[pri:0, instance:testCase.demo1@45efd90f]" started-at="2022-12-26T13:37:58 IST" name="initialize" finished-at="2022-12-26T13:37:59 IST" duration-ms="1079" status="PASS">
          <reporter-output>
          </reporter-output>
        </test-method> <!-- initialize -->
        <test-method signature="getUser()[pri:0, instance:testCase.demo1@45efd90f]" started-at="2022-12-26T13:37:59 IST" name="getUser" finished-at="2022-12-26T13:38:01 IST" duration-ms="2321" status="PASS">
          <reporter-output>
            <line>
              <![CDATA[200]]>
            </line>
            <line>
              <![CDATA[{
    "data": {
        "id": 2,
        "email": "janet.weaver@reqres.in",
        "first_name": "Janet",
        "last_name": "Weaver",
        "avatar": "https://reqres.in/img/faces/2-image.jpg"
    },
    "support": {
        "url": "https://reqres.in/#support-heading",
        "text": "To keep ReqRes free, contributions towards server costs are appreciated!"
    }
}]]>
            </line>
          </reporter-output>
        </test-method> <!-- getUser -->
        <test-method is-config="true" signature="quitBrowser(org.testng.ITestResult)[pri:0, instance:testCase.demo1@45efd90f]" started-at="2022-12-26T13:38:01 IST" name="quitBrowser" finished-at="2022-12-26T13:38:01 IST" duration-ms="6" status="PASS">
          <params>
            <param index="0">
              <value>
                <![CDATA[[TestResult name=getUser status=SUCCESS method=demo1.getUser()[pri:0, instance:testCase.demo1@45efd90f] output=200]]]>
              </value>
            </param>
          </params>
          <reporter-output>
          </reporter-output>
        </test-method> <!-- quitBrowser -->
        <test-method signature="saucedemo1()[pri:0, instance:testCase.demo1@45efd90f]" started-at="2022-12-26T13:38:01 IST" name="saucedemo1" finished-at="2022-12-26T13:38:26 IST" duration-ms="25435" status="PASS">
          <reporter-output>
          </reporter-output>
        </test-method> <!-- saucedemo1 -->
        <test-method is-config="true" signature="quitBrowser(org.testng.ITestResult)[pri:0, instance:testCase.demo1@45efd90f]" started-at="2022-12-26T13:38:26 IST" name="quitBrowser" finished-at="2022-12-26T13:38:27 IST" duration-ms="135" status="PASS">
          <params>
            <param index="0">
              <value>
                <![CDATA[[TestResult name=saucedemo1 status=SUCCESS method=demo1.saucedemo1()[pri:0, instance:testCase.demo1@45efd90f] output={null}]]]>
              </value>
            </param>
          </params>
          <reporter-output>
          </reporter-output>
        </test-method> <!-- quitBrowser -->
        <test-method signature="saucedemo2()[pri:0, instance:testCase.demo1@45efd90f]" started-at="2022-12-26T13:38:27 IST" name="saucedemo2" finished-at="2022-12-26T13:38:42 IST" duration-ms="15515" status="PASS">
          <reporter-output>
          </reporter-output>
        </test-method> <!-- saucedemo2 -->
        <test-method is-config="true" signature="quitBrowser(org.testng.ITestResult)[pri:0, instance:testCase.demo1@45efd90f]" started-at="2022-12-26T13:38:42 IST" name="quitBrowser" finished-at="2022-12-26T13:38:42 IST" duration-ms="171" status="PASS">
          <params>
            <param index="0">
              <value>
                <![CDATA[[TestResult name=saucedemo2 status=SUCCESS method=demo1.saucedemo2()[pri:0, instance:testCase.demo1@45efd90f] output={null}]]]>
              </value>
            </param>
          </params>
          <reporter-output>
          </reporter-output>
        </test-method> <!-- quitBrowser -->
        <test-method is-config="true" signature="tearDown()[pri:0, instance:testCase.demo1@45efd90f]" started-at="2022-12-26T13:38:42 IST" name="tearDown" finished-at="2022-12-26T13:38:43 IST" duration-ms="607" status="PASS">
          <reporter-output>
          </reporter-output>
        </test-method> <!-- tearDown -->
      </class> <!-- testCase.demo1 -->
    </test> <!-- Default test -->
  </suite> <!-- Default suite -->
</testng-results>
