<?xml version="1.0" encoding="UTF-8"?>
<testng-results ignored="2" total="3" passed="1" failed="0" skipped="0">
  <reporter-output>
  </reporter-output>
  <suite started-at="2023-07-10T02:35:48 IST" name="Default suite" finished-at="2023-07-10T02:36:24 IST" duration-ms="35890">
    <groups>
    </groups>
    <test started-at="2023-07-10T02:35:48 IST" name="Default test" finished-at="2023-07-10T02:36:24 IST" duration-ms="35890">
      <class name="testCase.demo1">
        <test-method is-config="true" signature="initialize()[pri:0, instance:testCase.demo1@2d29b4ee]" started-at="2023-07-10T02:35:47 IST" name="initialize" finished-at="2023-07-10T02:35:48 IST" duration-ms="724" status="PASS">
          <reporter-output>
          </reporter-output>
        </test-method> <!-- initialize -->
        <test-method signature="saucedemo1()[pri:0, instance:testCase.demo1@2d29b4ee]" started-at="2023-07-10T02:35:48 IST" name="saucedemo1" finished-at="2023-07-10T02:36:24 IST" duration-ms="35657" status="PASS">
          <reporter-output>
          </reporter-output>
        </test-method> <!-- saucedemo1 -->
        <test-method is-config="true" signature="quitBrowser(org.testng.ITestResult)[pri:0, instance:testCase.demo1@2d29b4ee]" started-at="2023-07-10T02:36:24 IST" name="quitBrowser" finished-at="2023-07-10T02:36:24 IST" duration-ms="208" status="PASS">
          <params>
            <param index="0">
              <value>
                <![CDATA[[TestResult name=saucedemo1 status=SUCCESS method=demo1.saucedemo1()[pri:0, instance:testCase.demo1@2d29b4ee] output={null}]]]>
              </value>
            </param>
          </params>
          <reporter-output>
          </reporter-output>
        </test-method> <!-- quitBrowser -->
        <test-method is-config="true" signature="tearDown()[pri:0, instance:testCase.demo1@2d29b4ee]" started-at="2023-07-10T02:36:24 IST" name="tearDown" finished-at="2023-07-10T02:36:24 IST" duration-ms="362" status="PASS">
          <reporter-output>
          </reporter-output>
        </test-method> <!-- tearDown -->
      </class> <!-- testCase.demo1 -->
    </test> <!-- Default test -->
  </suite> <!-- Default suite -->
</testng-results>
